{"uuid":"ef7d2f85-b11b-4a02-bc5b-a54fe37dee1c","historyId":"d837286a699c4564cc383c88628a01ee","testCaseId":"f7a2b6decc123398511971406a2193b3","fullName":"src/test/resources/features/02_02AddProgram.feature:74","labels":[{"name":"host","value":"DESKTOP-HGR09P9"},{"name":"thread","value":"26128@DESKTOP-HGR09P9.main(1)"},{"name":"feature","value":"Add New Program"},{"name":"story","value":"Verify Admin is able to save the program details"},{"name":"suite","value":"Add New Program"},{"name":"testClass","value":"Verify Admin is able to save the program details"},{"name":"framework","value":"cucumber4jvm"},{"name":"language","value":"java"},{"name":"gherkin_uri","value":"file:///C:/Users/akash/git/Team3_LMSExplorers_UIHackathon_Oct2024/Team3_LMSExplorers_UIHackathon_Oct2024/src/test/resources/features/02_02AddProgram.feature"},{"name":"package","value":"src.test.resources.features.02_02AddProgram_feature.Add New Program"}],"links":[],"name":"Verify Admin is able to save the program details","status":"failed","statusDetails":{"known":false,"muted":false,"flaky":false,"message":"Error in getting alertsno such element: Unable to locate element: {\"method\":\"xpath\",\"selector\":\"//div[@role='alert']\"}\n  (Session info: chrome=130.0.6723.70)\nFor documentation on this error, please visit: https://www.selenium.dev/documentation/webdriver/troubleshooting/errors#no-such-element-exception\nBuild info: version: '4.23.0', revision: '4df0a231af'\nSystem info: os.name: 'Windows 10', os.arch: 'amd64', os.version: '10.0', java.version: '17.0.8'\nDriver info: org.openqa.selenium.chrome.ChromeDriver\nCommand: [5f619216ea0db6fc80b37a41303518a3, findElement {using=xpath, value=//div[@role='alert']}]\nCapabilities {acceptInsecureCerts: false, browserName: chrome, browserVersion: 130.0.6723.70, chrome: {chromedriverVersion: 130.0.6723.69 (3ec172b971b9..., userDataDir: C:\\Users\\akash\\AppData\\Loca...}, fedcm:accounts: true, goog:chromeOptions: {debuggerAddress: localhost:52517}, networkConnectionEnabled: false, pageLoadStrategy: normal, platformName: windows, proxy: Proxy(), se:cdp: ws://localhost:52517/devtoo..., se:cdpVersion: 130.0.6723.70, setWindowRect: true, strictFileInteractability: false, timeouts: {implicit: 0, pageLoad: 300000, script: 30000}, unhandledPromptBehavior: dismiss and notify, webauthn:extension:credBlob: true, webauthn:extension:largeBlob: true, webauthn:extension:minPinLength: true, webauthn:extension:prf: true, webauthn:virtualAuthenticators: true}\nSession ID: 5f619216ea0db6fc80b37a41303518a3","trace":"java.lang.AssertionError: Error in getting alertsno such element: Unable to locate element: {\"method\":\"xpath\",\"selector\":\"//div[@role='alert']\"}\n  (Session info: chrome=130.0.6723.70)\nFor documentation on this error, please visit: https://www.selenium.dev/documentation/webdriver/troubleshooting/errors#no-such-element-exception\nBuild info: version: '4.23.0', revision: '4df0a231af'\nSystem info: os.name: 'Windows 10', os.arch: 'amd64', os.version: '10.0', java.version: '17.0.8'\nDriver info: org.openqa.selenium.chrome.ChromeDriver\nCommand: [5f619216ea0db6fc80b37a41303518a3, findElement {using=xpath, value=//div[@role='alert']}]\nCapabilities {acceptInsecureCerts: false, browserName: chrome, browserVersion: 130.0.6723.70, chrome: {chromedriverVersion: 130.0.6723.69 (3ec172b971b9..., userDataDir: C:\\Users\\akash\\AppData\\Loca...}, fedcm:accounts: true, goog:chromeOptions: {debuggerAddress: localhost:52517}, networkConnectionEnabled: false, pageLoadStrategy: normal, platformName: windows, proxy: Proxy(), se:cdp: ws://localhost:52517/devtoo..., se:cdpVersion: 130.0.6723.70, setWindowRect: true, strictFileInteractability: false, timeouts: {implicit: 0, pageLoad: 300000, script: 30000}, unhandledPromptBehavior: dismiss and notify, webauthn:extension:credBlob: true, webauthn:extension:largeBlob: true, webauthn:extension:minPinLength: true, webauthn:extension:prf: true, webauthn:virtualAuthenticators: true}\nSession ID: 5f619216ea0db6fc80b37a41303518a3\r\n\tat org.testng.Assert.fail(Assert.java:111)\r\n\tat pageObjects.ProgramPage.validatemessage(ProgramPage.java:542)\r\n\tat stepDefinitions.ProgramPageSteps.admin_gets_message_for_new_program(ProgramPageSteps.java:241)\r\n\tat ✽.Admin gets message for new program for each \"Program\" and  \"addNewProgramWithValidData\"(file:///C:/Users/akash/git/Team3_LMSExplorers_UIHackathon_Oct2024/Team3_LMSExplorers_UIHackathon_Oct2024/src/test/resources/features/02_02AddProgram.feature:71)\r\n"},"stage":"finished","steps":[{"name":"Given Admin is logged in to LMS Portal","status":"passed","statusDetails":{"known":false,"muted":false,"flaky":false},"stage":"finished","steps":[],"attachments":[],"parameters":[],"start":1729992192455,"stop":1729992203443},{"name":"Given Admin is on dashboard page after Loggingin","status":"passed","statusDetails":{"known":false,"muted":false,"flaky":false},"stage":"finished","steps":[],"attachments":[],"parameters":[],"start":1729992203444,"stop":1729992203948},{"name":"Given Admin is on Program details form","status":"passed","statusDetails":{"known":false,"muted":false,"flaky":false},"stage":"finished","steps":[],"attachments":[],"parameters":[],"start":1729992203948,"stop":1729992204367},{"name":"When Admin enters valid details for mandatory fields from \"Program\" with scenario name \"addNewProgramWithValidData\" and clicks on the save button","status":"passed","statusDetails":{"known":false,"muted":false,"flaky":false},"stage":"finished","steps":[],"attachments":[],"parameters":[],"start":1729992204367,"stop":1729992206023},{"name":"Then Admin gets message for new program for each \"Program\" and  \"addNewProgramWithValidData\"","status":"failed","statusDetails":{"known":false,"muted":false,"flaky":false,"message":"Error in getting alertsno such element: Unable to locate element: {\"method\":\"xpath\",\"selector\":\"//div[@role='alert']\"}\n  (Session info: chrome=130.0.6723.70)\nFor documentation on this error, please visit: https://www.selenium.dev/documentation/webdriver/troubleshooting/errors#no-such-element-exception\nBuild info: version: '4.23.0', revision: '4df0a231af'\nSystem info: os.name: 'Windows 10', os.arch: 'amd64', os.version: '10.0', java.version: '17.0.8'\nDriver info: org.openqa.selenium.chrome.ChromeDriver\nCommand: [5f619216ea0db6fc80b37a41303518a3, findElement {using=xpath, value=//div[@role='alert']}]\nCapabilities {acceptInsecureCerts: false, browserName: chrome, browserVersion: 130.0.6723.70, chrome: {chromedriverVersion: 130.0.6723.69 (3ec172b971b9..., userDataDir: C:\\Users\\akash\\AppData\\Loca...}, fedcm:accounts: true, goog:chromeOptions: {debuggerAddress: localhost:52517}, networkConnectionEnabled: false, pageLoadStrategy: normal, platformName: windows, proxy: Proxy(), se:cdp: ws://localhost:52517/devtoo..., se:cdpVersion: 130.0.6723.70, setWindowRect: true, strictFileInteractability: false, timeouts: {implicit: 0, pageLoad: 300000, script: 30000}, unhandledPromptBehavior: dismiss and notify, webauthn:extension:credBlob: true, webauthn:extension:largeBlob: true, webauthn:extension:minPinLength: true, webauthn:extension:prf: true, webauthn:virtualAuthenticators: true}\nSession ID: 5f619216ea0db6fc80b37a41303518a3","trace":"java.lang.AssertionError: Error in getting alertsno such element: Unable to locate element: {\"method\":\"xpath\",\"selector\":\"//div[@role='alert']\"}\n  (Session info: chrome=130.0.6723.70)\nFor documentation on this error, please visit: https://www.selenium.dev/documentation/webdriver/troubleshooting/errors#no-such-element-exception\nBuild info: version: '4.23.0', revision: '4df0a231af'\nSystem info: os.name: 'Windows 10', os.arch: 'amd64', os.version: '10.0', java.version: '17.0.8'\nDriver info: org.openqa.selenium.chrome.ChromeDriver\nCommand: [5f619216ea0db6fc80b37a41303518a3, findElement {using=xpath, value=//div[@role='alert']}]\nCapabilities {acceptInsecureCerts: false, browserName: chrome, browserVersion: 130.0.6723.70, chrome: {chromedriverVersion: 130.0.6723.69 (3ec172b971b9..., userDataDir: C:\\Users\\akash\\AppData\\Loca...}, fedcm:accounts: true, goog:chromeOptions: {debuggerAddress: localhost:52517}, networkConnectionEnabled: false, pageLoadStrategy: normal, platformName: windows, proxy: Proxy(), se:cdp: ws://localhost:52517/devtoo..., se:cdpVersion: 130.0.6723.70, setWindowRect: true, strictFileInteractability: false, timeouts: {implicit: 0, pageLoad: 300000, script: 30000}, unhandledPromptBehavior: dismiss and notify, webauthn:extension:credBlob: true, webauthn:extension:largeBlob: true, webauthn:extension:minPinLength: true, webauthn:extension:prf: true, webauthn:virtualAuthenticators: true}\nSession ID: 5f619216ea0db6fc80b37a41303518a3\r\n\tat org.testng.Assert.fail(Assert.java:111)\r\n\tat pageObjects.ProgramPage.validatemessage(ProgramPage.java:542)\r\n\tat stepDefinitions.ProgramPageSteps.admin_gets_message_for_new_program(ProgramPageSteps.java:241)\r\n\tat ✽.Admin gets message for new program for each \"Program\" and  \"addNewProgramWithValidData\"(file:///C:/Users/akash/git/Team3_LMSExplorers_UIHackathon_Oct2024/Team3_LMSExplorers_UIHackathon_Oct2024/src/test/resources/features/02_02AddProgram.feature:71)\r\n"},"stage":"finished","steps":[],"attachments":[],"parameters":[],"start":1729992206023,"stop":1729992216168}],"attachments":[],"parameters":[{"name":"sheetName","value":"Program"},{"name":"scenarioName","value":"addNewProgramWithValidData"}],"start":1729992192454,"stop":1729992216332}